<?xml version="1.0" encoding="UTF-8"?>
<!-- Generated by org.testng.reporters.JUnitReportReporter -->
<testsuite hostname="Q10045" name="com.erp.master.catng" tests="1" failures="0" timestamp="25 Aug 2016 10:54:13 GMT" time="9.851" errors="0">
  <testcase name="stkcat" time="9.851" classname="com.erp.master.catng"/>
</testsuite> <!-- com.erp.master.catng -->
