<?xml version="1.0" encoding="UTF-8"?>
<!-- Generated by org.testng.reporters.JUnitReportReporter -->
<testsuite hostname="Q10045" name="com.erp.master.execng" tests="3" failures="0" timestamp="25 Aug 2016 10:54:13 GMT" time="28.827" errors="0">
  <testcase name="uom" time="9.674" classname="com.erp.master.execng"/>
  <testcase name="uom" time="9.518" classname="com.erp.master.execng"/>
  <testcase name="uom" time="9.635" classname="com.erp.master.execng"/>
</testsuite> <!-- com.erp.master.execng -->
